<?xml version="1.0" encoding="UTF-8"?>
<!-- Generated by org.testng.reporters.JUnitReportReporter -->
<testsuite hostname="SPMUMLAP-055" failures="0" tests="1" name="test.SearchAndBuyPageTest" time="6.125" errors="0" timestamp="2022-08-19T09:31:36 GST" skipped="0">
  <testcase classname="test.SearchAndBuyPageTest" name="ZerodhaLoginTest" time="6.125"/>
  <system-out/>
</testsuite> <!-- test.SearchAndBuyPageTest -->
