<?xml version="1.0" encoding="UTF-8"?>
<!-- Generated by org.testng.reporters.JUnitReportReporter -->
<testsuite hostname="SPMUMLAP-055" failures="0" tests="3" name="test.LoginPageTest" time="15.255" errors="0" timestamp="2022-08-27T10:16:54 GST" skipped="0">
  <testcase classname="test.LoginPageTest" name="data" time="3.729"/>
  <system-out/>
  <testcase classname="test.LoginPageTest" name="data" time="4.298"/>
  <system-out/>
  <testcase classname="test.LoginPageTest" name="data" time="7.228"/>
  <system-out/>
</testsuite> <!-- test.LoginPageTest -->
